<?xml version="1.0" encoding="UTF-8"?>
<!-- Generated by org.testng.reporters.JUnitReportReporter -->
<testsuite hostname="MacBook-Pro.local" failures="0" tests="1" name="weatherAPITest.GETPollution" time="2.454" errors="0" timestamp="2023-11-28T05:35:18 WIB" skipped="0">
  <testcase classname="weatherAPITest.GETPollution" name="testWeatherInLondon" time="2.454"/>
  <system-out/>
</testsuite> <!-- weatherAPITest.GETPollution -->
