<?xml version="1.0" encoding="UTF-8"?>
<!-- Generated by org.testng.reporters.JUnitReportReporter -->
<testsuite hostname="MacBook-Pro.local" failures="0" tests="1" name="weatherAPITest.GETForecast" time="2.720" errors="0" timestamp="2023-11-28T05:52:24 WIB" skipped="0">
  <testcase classname="weatherAPITest.GETForecast" name="testWeatherInLondon" time="2.720"/>
  <system-out/>
</testsuite> <!-- weatherAPITest.GETForecast -->
