<?xml version="1.0" encoding="UTF-8"?>
<!-- Generated by org.testng.reporters.JUnitReportReporter -->
<testsuite hostname="MacBook-Pro.local" failures="0" tests="1" name="weatherAPITest.GETWeather" time="2.905" errors="0" timestamp="2023-11-28T05:09:18 WIB" skipped="0">
  <testcase classname="weatherAPITest.GETWeather" name="testWeatherInLondon" time="2.905"/>
  <system-out/>
</testsuite> <!-- weatherAPITest.GETWeather -->
